
4월 15, 2024 11:41:58.86 NEW SESSION
4월 15, 2024 11:41:58.87 INFO: Created TensorFlow Lite XNNPACK delegate for CPU.
4월 15, 2024 11:48:29.68 INFO: Created TensorFlow Lite XNNPACK delegate for CPU.

4월 17, 2024 09:25:43.10 NEW SESSION
4월 17, 2024 09:25:43.11 INFO: Created TensorFlow Lite XNNPACK delegate for CPU.
4월 17, 2024 09:25:57.20 INFO: Created TensorFlow Lite XNNPACK delegate for CPU.
4월 17, 2024 09:32:14.24 INFO: Created TensorFlow Lite XNNPACK delegate for CPU.
4월 17, 2024 09:33:14.18 [138544:97720:0417/093314.184:ERROR:interface_endpoint_client.cc(707)] Message 5 rejected by interface blink.mojom.WidgetHost

4월 18, 2024 09:22:01.41 NEW SESSION
4월 18, 2024 09:22:01.42 INFO: Created TensorFlow Lite XNNPACK delegate for CPU.

4월 18, 2024 10:25:07.24 NEW SESSION
4월 18, 2024 10:25:07.25 INFO: Created TensorFlow Lite XNNPACK delegate for CPU.
4월 18, 2024 11:18:54.69 INFO: Created TensorFlow Lite XNNPACK delegate for CPU.
4월 18, 2024 11:22:25.33 INFO: Created TensorFlow Lite XNNPACK delegate for CPU.
4월 18, 2024 11:26:09.97 INFO: Created TensorFlow Lite XNNPACK delegate for CPU.
4월 18, 2024 11:28:54.22 INFO: Created TensorFlow Lite XNNPACK delegate for CPU.

4월 19, 2024 09:12:09.54 NEW SESSION
4월 19, 2024 09:12:09.55 INFO: Created TensorFlow Lite XNNPACK delegate for CPU.
4월 19, 2024 09:13:15.46 INFO: Created TensorFlow Lite XNNPACK delegate for CPU.
4월 19, 2024 09:15:38.39 INFO: Created TensorFlow Lite XNNPACK delegate for CPU.
4월 19, 2024 09:38:49.46 INFO: Created TensorFlow Lite XNNPACK delegate for CPU.
4월 19, 2024 09:51:25.51 [19708:25304:0419/095125.515:ERROR:interface_endpoint_client.cc(707)] Message 1 rejected by interface blink.mojom.WidgetHost
4월 19, 2024 11:23:46.34 [19708:15952:0419/112346.347:ERROR:cert_verify_proc_builtin.cc(878)] CertVerifyProcBuiltin for global.ib-ibi.com failed:
4월 19, 2024 11:23:46.34 ----- Certificate i=0 (CN=*.ib-ibi.com,O=KBM Group LLC,L=Louisville,ST=Colorado,C=US) -----
4월 19, 2024 11:23:46.35 ERROR: Time is after notAfter
4월 19, 2024 11:23:46.35 
4월 19, 2024 11:23:46.35 
4월 19, 2024 12:14:40.26 [19708:25304:0419/121440.267:ERROR:CONSOLE(1)] "Request Network.loadNetworkResource failed. {"code":-32602,"message":"Unsupported URL scheme"}", source: devtools://devtools/bundled/devtools-frontend/front_end/core/protocol_client/protocol_client.js (1)
4월 19, 2024 12:14:42.50 [19708:25304:0419/121442.508:ERROR:CONSOLE(1)] "Request Network.loadNetworkResource failed. {"code":-32602,"message":"Unsupported URL scheme"}", source: devtools://devtools/bundled/devtools-frontend/front_end/core/protocol_client/protocol_client.js (1)
4월 19, 2024 14:04:33.98 [19708:28280:0419/140433.981:ERROR:mcs_client.cc(749)] Received close command, resetting connection.

4월 22, 2024 09:12:55.10 NEW SESSION
4월 22, 2024 09:12:55.12 INFO: Created TensorFlow Lite XNNPACK delegate for CPU.
4월 22, 2024 09:14:56.43 [86256:86396:0422/091456.435:ERROR:interface_endpoint_client.cc(707)] Message 1 rejected by interface blink.mojom.WidgetHost
4월 22, 2024 10:35:19.48 [86256:86396:0422/103519.482:ERROR:interface_endpoint_client.cc(707)] Message 1 rejected by interface blink.mojom.WidgetHost
4월 22, 2024 10:35:19.48 [86256:86396:0422/103519.482:ERROR:interface_endpoint_client.cc(707)] Message 1 rejected by interface blink.mojom.WidgetHost
4월 22, 2024 10:35:31.82 [86256:86396:0422/103531.825:ERROR:interface_endpoint_client.cc(707)] Message 1 rejected by interface blink.mojom.WidgetHost
4월 22, 2024 11:19:05.57 [86256:86396:0422/111905.572:ERROR:interface_endpoint_client.cc(707)] Message 1 rejected by interface blink.mojom.WidgetHost

4월 23, 2024 09:15:02.17 NEW SESSION
4월 23, 2024 09:15:02.18 Created TensorFlow Lite XNNPACK delegate for CPU.
4월 23, 2024 10:21:12.47 [133004:17692:0423/102112.479:ERROR:interface_endpoint_client.cc(707)] Message 1 rejected by interface blink.mojom.WidgetHost
4월 23, 2024 10:21:26.96 [133004:17692:0423/102126.961:ERROR:interface_endpoint_client.cc(707)] Message 1 rejected by interface blink.mojom.WidgetHost
4월 23, 2024 10:21:26.96 [133004:17692:0423/102126.961:ERROR:interface_endpoint_client.cc(707)] Message 1 rejected by interface blink.mojom.WidgetHost
4월 23, 2024 12:07:31.69 [133004:17692:0423/120731.693:ERROR:interface_endpoint_client.cc(707)] Message 1 rejected by interface blink.mojom.WidgetHost
4월 23, 2024 12:07:31.69 [133004:17692:0423/120731.693:ERROR:interface_endpoint_client.cc(707)] Message 1 rejected by interface blink.mojom.WidgetHost

4월 24, 2024 09:14:54.40 NEW SESSION
4월 24, 2024 09:14:54.42 Created TensorFlow Lite XNNPACK delegate for CPU.
4월 24, 2024 09:30:54.51 [155768:195308:0424/093054.510:ERROR:interface_endpoint_client.cc(707)] Message 0 rejected by interface blink.mojom.WidgetHost

4월 29, 2024 09:50:32.08 NEW SESSION
4월 29, 2024 09:50:32.09 Created TensorFlow Lite XNNPACK delegate for CPU.
4월 29, 2024 10:01:42.08 [24120:5996:0429/100142.087:ERROR:interface_endpoint_client.cc(707)] Message 1 rejected by interface blink.mojom.WidgetHost
4월 29, 2024 10:19:39.92 [24120:5996:0429/101939.924:ERROR:interface_endpoint_client.cc(707)] Message 1 rejected by interface blink.mojom.WidgetHost
4월 29, 2024 10:19:39.92 [24120:5996:0429/101939.924:ERROR:interface_endpoint_client.cc(707)] Message 1 rejected by interface blink.mojom.WidgetHost
4월 29, 2024 10:30:55.30 [24120:5996:0429/103055.304:ERROR:device_event_log_impl.cc(195)] [10:30:55.304] Bluetooth: bluetooth_adapter_winrt.cc:1056 Getting Default Adapter failed.
4월 29, 2024 10:31:00.00 [24120:5996:0429/103059.999:ERROR:interface_endpoint_client.cc(707)] Message 0 rejected by interface blink.mojom.WidgetHost

5월 01, 2024 10:37:19.86 NEW SESSION
5월 01, 2024 10:37:19.88 Created TensorFlow Lite XNNPACK delegate for CPU.
5월 01, 2024 10:45:28.19 [2824:14160:0501/104528.195:ERROR:interface_endpoint_client.cc(707)] Message 1 rejected by interface blink.mojom.WidgetHost
5월 01, 2024 10:45:39.05 [2824:14160:0501/104539.054:ERROR:device_event_log_impl.cc(195)] [10:45:39.054] Bluetooth: bluetooth_adapter_winrt.cc:1056 Getting Default Adapter failed.
